Performing C SOURCE FILE Test CMAKE_HAVE_LIBC_PTHREAD failed with the following output:
Change Dir: /home/nvidia/catkin_ws00/build/CMakeFiles/CMakeTmp

Run Build Command(s):/usr/bin/make cmTC_de309/fast && /usr/bin/make -f CMakeFiles/cmTC_de309.dir/build.make CMakeFiles/cmTC_de309.dir/build
make[1]: Entering directory '/home/nvidia/catkin_ws00/build/CMakeFiles/CMakeTmp'
Building C object CMakeFiles/cmTC_de309.dir/src.c.o
/usr/bin/cc   -DCMAKE_HAVE_LIBC_PTHREAD   -o CMakeFiles/cmTC_de309.dir/src.c.o   -c /home/nvidia/catkin_ws00/build/CMakeFiles/CMakeTmp/src.c
Linking C executable cmTC_de309
/usr/bin/cmake -E cmake_link_script CMakeFiles/cmTC_de309.dir/link.txt --verbose=1
/usr/bin/cc  -DCMAKE_HAVE_LIBC_PTHREAD    -rdynamic CMakeFiles/cmTC_de309.dir/src.c.o  -o cmTC_de309 
/usr/bin/ld: CMakeFiles/cmTC_de309.dir/src.c.o: in function `main':
src.c:(.text+0x48): undefined reference to `pthread_create'
/usr/bin/ld: src.c:(.text+0x50): undefined reference to `pthread_detach'
/usr/bin/ld: src.c:(.text+0x5c): undefined reference to `pthread_join'
collect2: error: ld returned 1 exit status
make[1]: *** [CMakeFiles/cmTC_de309.dir/build.make:87: cmTC_de309] Error 1
make[1]: Leaving directory '/home/nvidia/catkin_ws00/build/CMakeFiles/CMakeTmp'
make: *** [Makefile:121: cmTC_de309/fast] Error 2


Source file was:
#include <pthread.h>

void* test_func(void* data)
{
  return data;
}

int main(void)
{
  pthread_t thread;
  pthread_create(&thread, NULL, test_func, NULL);
  pthread_detach(thread);
  pthread_join(thread, NULL);
  pthread_atfork(NULL, NULL, NULL);
  pthread_exit(NULL);

  return 0;
}

Determining if the function pthread_create exists in the pthreads failed with the following output:
Change Dir: /home/nvidia/catkin_ws00/build/CMakeFiles/CMakeTmp

Run Build Command(s):/usr/bin/make cmTC_26b0e/fast && /usr/bin/make -f CMakeFiles/cmTC_26b0e.dir/build.make CMakeFiles/cmTC_26b0e.dir/build
make[1]: Entering directory '/home/nvidia/catkin_ws00/build/CMakeFiles/CMakeTmp'
Building C object CMakeFiles/cmTC_26b0e.dir/CheckFunctionExists.c.o
/usr/bin/cc   -DCHECK_FUNCTION_EXISTS=pthread_create   -o CMakeFiles/cmTC_26b0e.dir/CheckFunctionExists.c.o   -c /usr/share/cmake-3.16/Modules/CheckFunctionExists.c
Linking C executable cmTC_26b0e
/usr/bin/cmake -E cmake_link_script CMakeFiles/cmTC_26b0e.dir/link.txt --verbose=1
/usr/bin/cc  -DCHECK_FUNCTION_EXISTS=pthread_create    -rdynamic CMakeFiles/cmTC_26b0e.dir/CheckFunctionExists.c.o  -o cmTC_26b0e  -lpthreads 
/usr/bin/ld: cannot find -lpthreads
collect2: error: ld returned 1 exit status
make[1]: *** [CMakeFiles/cmTC_26b0e.dir/build.make:87: cmTC_26b0e] Error 1
make[1]: Leaving directory '/home/nvidia/catkin_ws00/build/CMakeFiles/CMakeTmp'
make: *** [Makefile:121: cmTC_26b0e/fast] Error 2



Determining if the function sgemm_ exists failed with the following output:
Change Dir: /home/nvidia/catkin_ws00/build/CMakeFiles/CMakeTmp

Run Build Command(s):/usr/bin/make cmTC_8dbda/fast && /usr/bin/make -f CMakeFiles/cmTC_8dbda.dir/build.make CMakeFiles/cmTC_8dbda.dir/build
make[1]: Entering directory '/home/nvidia/catkin_ws00/build/CMakeFiles/CMakeTmp'
Building C object CMakeFiles/cmTC_8dbda.dir/CheckFunctionExists.c.o
/usr/bin/cc   -DCHECK_FUNCTION_EXISTS=sgemm_ -fPIE   -o CMakeFiles/cmTC_8dbda.dir/CheckFunctionExists.c.o   -c /usr/share/cmake-3.16/Modules/CheckFunctionExists.c
Linking C executable cmTC_8dbda
/usr/bin/cmake -E cmake_link_script CMakeFiles/cmTC_8dbda.dir/link.txt --verbose=1
/usr/bin/cc  -DCHECK_FUNCTION_EXISTS=sgemm_    CMakeFiles/cmTC_8dbda.dir/CheckFunctionExists.c.o  -o cmTC_8dbda 
/usr/bin/ld: CMakeFiles/cmTC_8dbda.dir/CheckFunctionExists.c.o: in function `main':
CheckFunctionExists.c:(.text+0x10): undefined reference to `sgemm_'
collect2: error: ld returned 1 exit status
make[1]: *** [CMakeFiles/cmTC_8dbda.dir/build.make:87: cmTC_8dbda] Error 1
make[1]: Leaving directory '/home/nvidia/catkin_ws00/build/CMakeFiles/CMakeTmp'
make: *** [Makefile:121: cmTC_8dbda/fast] Error 2



